
Profiling started at Mon Apr 25 17:02:41 2022
Profiling stopped at Mon Apr 25 17:02:43 2022

-- OProfile/operf Statistics --
Nr. non-backtrace samples: 33086
Nr. kernel samples: 468
Nr. user space samples: 32618
Nr. samples lost due to sample address not in expected range for domain: 0
Nr. lost kernel samples: 0
Nr. samples lost due to sample file open failure: 0
Nr. samples lost due to no permanent mapping: 0
Nr. user context kernel samples lost due to no app info available: 0
Nr. user samples lost due to no app info available: 0
Nr. backtraces skipped due to no file mapping: 0
Nr. hypervisor samples dropped due to address out-of-range: 0
Nr. samples lost reported by perf_events kernel: 0

Profiling started at Mon Apr 25 17:03:45 2022
Profiling stopped at Mon Apr 25 17:03:47 2022

-- OProfile/operf Statistics --
Nr. non-backtrace samples: 32280
Nr. kernel samples: 491
Nr. user space samples: 31789
Nr. samples lost due to sample address not in expected range for domain: 0
Nr. lost kernel samples: 0
Nr. samples lost due to sample file open failure: 0
Nr. samples lost due to no permanent mapping: 0
Nr. user context kernel samples lost due to no app info available: 0
Nr. user samples lost due to no app info available: 0
Nr. backtraces skipped due to no file mapping: 0
Nr. hypervisor samples dropped due to address out-of-range: 0
Nr. samples lost reported by perf_events kernel: 0
